==10444== Memcheck, a memory error detector
==10444== Copyright (C) 2002-2011, and GNU GPL'd, by Julian Seward et al.
==10444== Using Valgrind-3.7.0 and LibVEX; rerun with -h for copyright info
==10444== Command: ./kernel ../archivo.conf
==10444== Parent PID: 1502
==10444== 
==10444== Thread 6:
==10444== Invalid write of size 1
==10444==    at 0x402E5E2: memcpy (in /usr/lib/valgrind/vgpreload_memcheck-x86-linux.so)
==10444==    by 0x804B584: opSolicitarValorVariableCompartida (pcp.c:409)
==10444==    by 0x804BC88: recibirCPU (pcp.c:541)
==10444==    by 0x4059D4B: start_thread (pthread_create.c:308)
==10444==    by 0x4162D3D: clone (clone.S:130)
==10444==  Address 0x42330ca is 6 bytes after a block of size 4 alloc'd
==10444==    at 0x402CB7A: malloc (in /usr/lib/valgrind/vgpreload_memcheck-x86-linux.so)
==10444==    by 0x804B568: opSolicitarValorVariableCompartida (pcp.c:408)
==10444==    by 0x804BC88: recibirCPU (pcp.c:541)
==10444==    by 0x4059D4B: start_thread (pthread_create.c:308)
==10444==    by 0x4162D3D: clone (clone.S:130)
==10444== 
==10444== Invalid write of size 4
==10444==    at 0x402E60C: memcpy (in /usr/lib/valgrind/vgpreload_memcheck-x86-linux.so)
==10444==    by 0x804B584: opSolicitarValorVariableCompartida (pcp.c:409)
==10444==    by 0x804BC88: recibirCPU (pcp.c:541)
==10444==    by 0x4059D4B: start_thread (pthread_create.c:308)
==10444==    by 0x4162D3D: clone (clone.S:130)
==10444==  Address 0x42330c4 is 0 bytes after a block of size 4 alloc'd
==10444==    at 0x402CB7A: malloc (in /usr/lib/valgrind/vgpreload_memcheck-x86-linux.so)
==10444==    by 0x804B568: opSolicitarValorVariableCompartida (pcp.c:408)
==10444==    by 0x804BC88: recibirCPU (pcp.c:541)
==10444==    by 0x4059D4B: start_thread (pthread_create.c:308)
==10444==    by 0x4162D3D: clone (clone.S:130)
==10444== 
==10444== Invalid read of size 1
==10444==    at 0x40B8E29: vfprintf (vfprintf.c:1630)
==10444==    by 0x40C0EFE: printf (printf.c:35)
==10444==    by 0x804BC88: recibirCPU (pcp.c:541)
==10444==    by 0x4059D4B: start_thread (pthread_create.c:308)
==10444==    by 0x4162D3D: clone (clone.S:130)
==10444==  Address 0x42330c4 is 0 bytes after a block of size 4 alloc'd
==10444==    at 0x402CB7A: malloc (in /usr/lib/valgrind/vgpreload_memcheck-x86-linux.so)
==10444==    by 0x804B568: opSolicitarValorVariableCompartida (pcp.c:408)
==10444==    by 0x804BC88: recibirCPU (pcp.c:541)
==10444==    by 0x4059D4B: start_thread (pthread_create.c:308)
==10444==    by 0x4162D3D: clone (clone.S:130)
==10444== 
==10444== Invalid read of size 1
==10444==    at 0x40E572B: _IO_file_xsputn@@GLIBC_2.1 (fileops.c:1330)
==10444==    by 0x40C0EFE: printf (printf.c:35)
==10444==    by 0x804BC88: recibirCPU (pcp.c:541)
==10444==    by 0x4059D4B: start_thread (pthread_create.c:308)
==10444==    by 0x4162D3D: clone (clone.S:130)
==10444==  Address 0x42330c9 is 5 bytes after a block of size 4 alloc'd
==10444==    at 0x402CB7A: malloc (in /usr/lib/valgrind/vgpreload_memcheck-x86-linux.so)
==10444==    by 0x804B568: opSolicitarValorVariableCompartida (pcp.c:408)
==10444==    by 0x804BC88: recibirCPU (pcp.c:541)
==10444==    by 0x4059D4B: start_thread (pthread_create.c:308)
==10444==    by 0x4162D3D: clone (clone.S:130)
==10444== 
==10444== Invalid read of size 1
==10444==    at 0x40E573F: _IO_file_xsputn@@GLIBC_2.1 (fileops.c:1330)
==10444==    by 0x40B8E01: vfprintf (vfprintf.c:1630)
==10444==    by 0x40C0EFE: printf (printf.c:35)
==10444==    by 0x804BC88: recibirCPU (pcp.c:541)
==10444==    by 0x4059D4B: start_thread (pthread_create.c:308)
==10444==    by 0x4162D3D: clone (clone.S:130)
==10444==  Address 0x42330c8 is 4 bytes after a block of size 4 alloc'd
==10444==    at 0x402CB7A: malloc (in /usr/lib/valgrind/vgpreload_memcheck-x86-linux.so)
==10444==    by 0x804B568: opSolicitarValorVariableCompartida (pcp.c:408)
==10444==    by 0x804BC88: recibirCPU (pcp.c:541)
==10444==    by 0x4059D4B: start_thread (pthread_create.c:308)
==10444==    by 0x4162D3D: clone (clone.S:130)
==10444== 
==10444== Invalid read of size 1
==10444==    at 0x40E56D4: _IO_file_xsputn@@GLIBC_2.1 (fileops.c:1361)
==10444==    by 0x40B8E01: vfprintf (vfprintf.c:1630)
==10444==    by 0x40C0EFE: printf (printf.c:35)
==10444==    by 0x804BC88: recibirCPU (pcp.c:541)
==10444==    by 0x4059D4B: start_thread (pthread_create.c:308)
==10444==    by 0x4162D3D: clone (clone.S:130)
==10444==  Address 0x42330c4 is 0 bytes after a block of size 4 alloc'd
==10444==    at 0x402CB7A: malloc (in /usr/lib/valgrind/vgpreload_memcheck-x86-linux.so)
==10444==    by 0x804B568: opSolicitarValorVariableCompartida (pcp.c:408)
==10444==    by 0x804BC88: recibirCPU (pcp.c:541)
==10444==    by 0x4059D4B: start_thread (pthread_create.c:308)
==10444==    by 0x4162D3D: clone (clone.S:130)
==10444== 
==10444== Invalid read of size 1
==10444==    at 0x40E56C8: _IO_file_xsputn@@GLIBC_2.1 (fileops.c:1362)
==10444==    by 0x40B8E01: vfprintf (vfprintf.c:1630)
==10444==    by 0x40C0EFE: printf (printf.c:35)
==10444==    by 0x804BC88: recibirCPU (pcp.c:541)
==10444==    by 0x4059D4B: start_thread (pthread_create.c:308)
==10444==    by 0x4162D3D: clone (clone.S:130)
==10444==  Address 0x42330c5 is 1 bytes after a block of size 4 alloc'd
==10444==    at 0x402CB7A: malloc (in /usr/lib/valgrind/vgpreload_memcheck-x86-linux.so)
==10444==    by 0x804B568: opSolicitarValorVariableCompartida (pcp.c:408)
==10444==    by 0x804BC88: recibirCPU (pcp.c:541)
==10444==    by 0x4059D4B: start_thread (pthread_create.c:308)
==10444==    by 0x4162D3D: clone (clone.S:130)
==10444== 
==10444== Invalid read of size 1
==10444==    at 0x402D293: strlen (in /usr/lib/valgrind/vgpreload_memcheck-x86-linux.so)
==10444==    by 0x404C97A: dictionary_get_element (dictionary.c:287)
==10444==    by 0x404C6B6: dictionary_has_key (dictionary.c:170)
==10444==    by 0x804B5AE: opSolicitarValorVariableCompartida (pcp.c:411)
==10444==    by 0x804BC88: recibirCPU (pcp.c:541)
==10444==    by 0x4059D4B: start_thread (pthread_create.c:308)
==10444==    by 0x4162D3D: clone (clone.S:130)
==10444==  Address 0x42330c4 is 0 bytes after a block of size 4 alloc'd
==10444==    at 0x402CB7A: malloc (in /usr/lib/valgrind/vgpreload_memcheck-x86-linux.so)
==10444==    by 0x804B568: opSolicitarValorVariableCompartida (pcp.c:408)
==10444==    by 0x804BC88: recibirCPU (pcp.c:541)
==10444==    by 0x4059D4B: start_thread (pthread_create.c:308)
==10444==    by 0x4162D3D: clone (clone.S:130)
==10444== 
==10444== Invalid read of size 1
==10444==    at 0x404C423: dictionary_hash (dictionary.c:55)
==10444==    by 0x404C989: dictionary_get_element (dictionary.c:287)
==10444==    by 0x404C6B6: dictionary_has_key (dictionary.c:170)
==10444==    by 0x804B5AE: opSolicitarValorVariableCompartida (pcp.c:411)
==10444==    by 0x804BC88: recibirCPU (pcp.c:541)
==10444==    by 0x4059D4B: start_thread (pthread_create.c:308)
==10444==    by 0x4162D3D: clone (clone.S:130)
==10444==  Address 0x42330c4 is 0 bytes after a block of size 4 alloc'd
==10444==    at 0x402CB7A: malloc (in /usr/lib/valgrind/vgpreload_memcheck-x86-linux.so)
==10444==    by 0x804B568: opSolicitarValorVariableCompartida (pcp.c:408)
==10444==    by 0x804BC88: recibirCPU (pcp.c:541)
==10444==    by 0x4059D4B: start_thread (pthread_create.c:308)
==10444==    by 0x4162D3D: clone (clone.S:130)
==10444== 
==10444== Invalid read of size 1
==10444==    at 0x402D293: strlen (in /usr/lib/valgrind/vgpreload_memcheck-x86-linux.so)
==10444==    by 0x404C97A: dictionary_get_element (dictionary.c:287)
==10444==    by 0x404C585: dictionary_get (dictionary.c:102)
==10444==    by 0x804B5CD: opSolicitarValorVariableCompartida (pcp.c:412)
==10444==    by 0x804BC88: recibirCPU (pcp.c:541)
==10444==    by 0x4059D4B: start_thread (pthread_create.c:308)
==10444==    by 0x4162D3D: clone (clone.S:130)
==10444==  Address 0x42330c4 is 0 bytes after a block of size 4 alloc'd
==10444==    at 0x402CB7A: malloc (in /usr/lib/valgrind/vgpreload_memcheck-x86-linux.so)
==10444==    by 0x804B568: opSolicitarValorVariableCompartida (pcp.c:408)
==10444==    by 0x804BC88: recibirCPU (pcp.c:541)
==10444==    by 0x4059D4B: start_thread (pthread_create.c:308)
==10444==    by 0x4162D3D: clone (clone.S:130)
==10444== 
==10444== Invalid read of size 1
==10444==    at 0x404C423: dictionary_hash (dictionary.c:55)
==10444==    by 0x404C989: dictionary_get_element (dictionary.c:287)
==10444==    by 0x404C585: dictionary_get (dictionary.c:102)
==10444==    by 0x804B5CD: opSolicitarValorVariableCompartida (pcp.c:412)
==10444==    by 0x804BC88: recibirCPU (pcp.c:541)
==10444==    by 0x4059D4B: start_thread (pthread_create.c:308)
==10444==    by 0x4162D3D: clone (clone.S:130)
==10444==  Address 0x42330c4 is 0 bytes after a block of size 4 alloc'd
==10444==    at 0x402CB7A: malloc (in /usr/lib/valgrind/vgpreload_memcheck-x86-linux.so)
==10444==    by 0x804B568: opSolicitarValorVariableCompartida (pcp.c:408)
==10444==    by 0x804BC88: recibirCPU (pcp.c:541)
==10444==    by 0x4059D4B: start_thread (pthread_create.c:308)
==10444==    by 0x4162D3D: clone (clone.S:130)
==10444== 
==10444== Invalid read of size 1
==10444==    at 0x402D293: strlen (in /usr/lib/valgrind/vgpreload_memcheck-x86-linux.so)
==10444==    by 0x404C97A: dictionary_get_element (dictionary.c:287)
==10444==    by 0x404C6B6: dictionary_has_key (dictionary.c:170)
==10444==    by 0x804AB2E: opRetornoCPUPorES (pcp.c:245)
==10444==    by 0x804BC88: recibirCPU (pcp.c:541)
==10444==    by 0x4059D4B: start_thread (pthread_create.c:308)
==10444==    by 0x4162D3D: clone (clone.S:130)
==10444==  Address 0x42385fc is 0 bytes after a block of size 4 alloc'd
==10444==    at 0x402CB7A: malloc (in /usr/lib/valgrind/vgpreload_memcheck-x86-linux.so)
==10444==    by 0x4046723: deserializar_mensaje_ES (in /usr/lib/libRutinas.so)
==10444==    by 0x804AA54: opRetornoCPUPorES (pcp.c:231)
==10444==    by 0x804BC88: recibirCPU (pcp.c:541)
==10444==    by 0x4059D4B: start_thread (pthread_create.c:308)
==10444==    by 0x4162D3D: clone (clone.S:130)
==10444== 
==10444== Invalid read of size 1
==10444==    at 0x402D293: strlen (in /usr/lib/valgrind/vgpreload_memcheck-x86-linux.so)
==10444==    by 0x404C97A: dictionary_get_element (dictionary.c:287)
==10444==    by 0x404C585: dictionary_get (dictionary.c:102)
==10444==    by 0x804AB4C: opRetornoCPUPorES (pcp.c:246)
==10444==    by 0x804BC88: recibirCPU (pcp.c:541)
==10444==    by 0x4059D4B: start_thread (pthread_create.c:308)
==10444==    by 0x4162D3D: clone (clone.S:130)
==10444==  Address 0x42385fc is 0 bytes after a block of size 4 alloc'd
==10444==    at 0x402CB7A: malloc (in /usr/lib/valgrind/vgpreload_memcheck-x86-linux.so)
==10444==    by 0x4046723: deserializar_mensaje_ES (in /usr/lib/libRutinas.so)
==10444==    by 0x804AA54: opRetornoCPUPorES (pcp.c:231)
==10444==    by 0x804BC88: recibirCPU (pcp.c:541)
==10444==    by 0x4059D4B: start_thread (pthread_create.c:308)
==10444==    by 0x4162D3D: clone (clone.S:130)
==10444== 
==10444== 
==10444== HEAP SUMMARY:
==10444==     in use at exit: 8,567 bytes in 424 blocks
==10444==   total heap usage: 1,761 allocs, 1,337 frees, 38,275 bytes allocated
==10444== 
==10444== LEAK SUMMARY:
==10444==    definitely lost: 4,092 bytes in 257 blocks
==10444==    indirectly lost: 909 bytes in 46 blocks
==10444==      possibly lost: 1,224 bytes in 9 blocks
==10444==    still reachable: 2,342 bytes in 112 blocks
==10444==         suppressed: 0 bytes in 0 blocks
==10444== Rerun with --leak-check=full to see details of leaked memory
==10444== 
==10444== For counts of detected and suppressed errors, rerun with: -v
==10444== ERROR SUMMARY: 150 errors from 13 contexts (suppressed: 0 from 0)
