==12381== Memcheck, a memory error detector
==12381== Copyright (C) 2002-2011, and GNU GPL'd, by Julian Seward et al.
==12381== Using Valgrind-3.7.0 and LibVEX; rerun with -h for copyright info
==12381== Command: ./kernel ../archivo.conf
==12381== Parent PID: 2658
==12381== 
==12381== Thread 6:
==12381== Invalid read of size 1
==12381==    at 0x40B8E29: vfprintf (vfprintf.c:1630)
==12381==    by 0x40C0EFE: printf (printf.c:35)
==12381==    by 0x4059D4B: start_thread (pthread_create.c:308)
==12381==    by 0x4162D3D: clone (clone.S:130)
==12381==  Address 0x422f881 is 0 bytes after a block of size 1 alloc'd
==12381==    at 0x402CB7A: malloc (in /usr/lib/valgrind/vgpreload_memcheck-x86-linux.so)
==12381==    by 0x4046D0E: deserializar_body (in /usr/lib/libRutinas.so)
==12381==    by 0x4046EDB: recibir (in /usr/lib/libRutinas.so)
==12381==    by 0x4046DE5: recibir_paquete (in /usr/lib/libRutinas.so)
==12381==    by 0x804B82B: recibirCPU (pcp.c:490)
==12381==    by 0x4059D4B: start_thread (pthread_create.c:308)
==12381==    by 0x4162D3D: clone (clone.S:130)
==12381== 
==12381== Invalid read of size 1
==12381==    at 0x40B8E29: vfprintf (vfprintf.c:1630)
==12381==    by 0x40C0EFE: printf (printf.c:35)
==12381==    by 0x804BA50: recibirCPU (pcp.c:515)
==12381==    by 0x4059D4B: start_thread (pthread_create.c:308)
==12381==    by 0x4162D3D: clone (clone.S:130)
==12381==  Address 0x422f881 is 0 bytes after a block of size 1 alloc'd
==12381==    at 0x402CB7A: malloc (in /usr/lib/valgrind/vgpreload_memcheck-x86-linux.so)
==12381==    by 0x4046D0E: deserializar_body (in /usr/lib/libRutinas.so)
==12381==    by 0x4046EDB: recibir (in /usr/lib/libRutinas.so)
==12381==    by 0x4046DE5: recibir_paquete (in /usr/lib/libRutinas.so)
==12381==    by 0x804B82B: recibirCPU (pcp.c:490)
==12381==    by 0x4059D4B: start_thread (pthread_create.c:308)
==12381==    by 0x4162D3D: clone (clone.S:130)
==12381== 
==12381== Invalid read of size 1
==12381==    at 0x40B8E29: vfprintf (vfprintf.c:1630)
==12381==    by 0x40C0EFE: printf (printf.c:35)
==12381==    by 0x804B2DB: opTomarSemaforo (pcp.c:369)
==12381==    by 0x804BA50: recibirCPU (pcp.c:515)
==12381==    by 0x4059D4B: start_thread (pthread_create.c:308)
==12381==    by 0x4162D3D: clone (clone.S:130)
==12381==  Address 0x422fab1 is 0 bytes after a block of size 1 alloc'd
==12381==    at 0x402CB7A: malloc (in /usr/lib/valgrind/vgpreload_memcheck-x86-linux.so)
==12381==    by 0x40467BA: deserializar_nombre_recurso (in /usr/lib/libRutinas.so)
==12381==    by 0x804B2B3: opTomarSemaforo (pcp.c:367)
==12381==    by 0x804BA50: recibirCPU (pcp.c:515)
==12381==    by 0x4059D4B: start_thread (pthread_create.c:308)
==12381==    by 0x4162D3D: clone (clone.S:130)
==12381== 
==12381== Invalid read of size 1
==12381==    at 0x402D293: strlen (in /usr/lib/valgrind/vgpreload_memcheck-x86-linux.so)
==12381==    by 0x404C97A: dictionary_get_element (dictionary.c:287)
==12381==    by 0x404C6B6: dictionary_has_key (dictionary.c:170)
==12381==    by 0x8049794: wait_semaforo (hilos.c:108)
==12381==    by 0x804B2DB: opTomarSemaforo (pcp.c:369)
==12381==    by 0x804BA50: recibirCPU (pcp.c:515)
==12381==    by 0x4059D4B: start_thread (pthread_create.c:308)
==12381==    by 0x4162D3D: clone (clone.S:130)
==12381==  Address 0x422fab1 is 0 bytes after a block of size 1 alloc'd
==12381==    at 0x402CB7A: malloc (in /usr/lib/valgrind/vgpreload_memcheck-x86-linux.so)
==12381==    by 0x40467BA: deserializar_nombre_recurso (in /usr/lib/libRutinas.so)
==12381==    by 0x804B2B3: opTomarSemaforo (pcp.c:367)
==12381==    by 0x804BA50: recibirCPU (pcp.c:515)
==12381==    by 0x4059D4B: start_thread (pthread_create.c:308)
==12381==    by 0x4162D3D: clone (clone.S:130)
==12381== 
==12381== Invalid read of size 1
==12381==    at 0x402D293: strlen (in /usr/lib/valgrind/vgpreload_memcheck-x86-linux.so)
==12381==    by 0x404C97A: dictionary_get_element (dictionary.c:287)
==12381==    by 0x404C585: dictionary_get (dictionary.c:102)
==12381==    by 0x80497B3: wait_semaforo (hilos.c:109)
==12381==    by 0x804B2DB: opTomarSemaforo (pcp.c:369)
==12381==    by 0x804BA50: recibirCPU (pcp.c:515)
==12381==    by 0x4059D4B: start_thread (pthread_create.c:308)
==12381==    by 0x4162D3D: clone (clone.S:130)
==12381==  Address 0x422fab1 is 0 bytes after a block of size 1 alloc'd
==12381==    at 0x402CB7A: malloc (in /usr/lib/valgrind/vgpreload_memcheck-x86-linux.so)
==12381==    by 0x40467BA: deserializar_nombre_recurso (in /usr/lib/libRutinas.so)
==12381==    by 0x804B2B3: opTomarSemaforo (pcp.c:367)
==12381==    by 0x804BA50: recibirCPU (pcp.c:515)
==12381==    by 0x4059D4B: start_thread (pthread_create.c:308)
==12381==    by 0x4162D3D: clone (clone.S:130)
==12381== 
==12381== Invalid read of size 1
==12381==    at 0x40B8E29: vfprintf (vfprintf.c:1630)
==12381==    by 0x40DE26A: vsnprintf (vsnprintf.c:120)
==12381==    by 0x6E2308F: ???
==12381==  Address 0x422fab1 is 0 bytes after a block of size 1 alloc'd
==12381==    at 0x402CB7A: malloc (in /usr/lib/valgrind/vgpreload_memcheck-x86-linux.so)
==12381==    by 0x40467BA: deserializar_nombre_recurso (in /usr/lib/libRutinas.so)
==12381==    by 0x804B2B3: opTomarSemaforo (pcp.c:367)
==12381==    by 0x804BA50: recibirCPU (pcp.c:515)
==12381==    by 0x4059D4B: start_thread (pthread_create.c:308)
==12381==    by 0x4162D3D: clone (clone.S:130)
==12381== 
==12381== Invalid read of size 1
==12381==    at 0x40B8E29: vfprintf (vfprintf.c:1630)
==12381==    by 0x40DE26A: vsnprintf (vsnprintf.c:120)
==12381==    by 0x422FBC7: ???
==12381==  Address 0x422fab1 is 0 bytes after a block of size 1 alloc'd
==12381==    at 0x402CB7A: malloc (in /usr/lib/valgrind/vgpreload_memcheck-x86-linux.so)
==12381==    by 0x40467BA: deserializar_nombre_recurso (in /usr/lib/libRutinas.so)
==12381==    by 0x804B2B3: opTomarSemaforo (pcp.c:367)
==12381==    by 0x804BA50: recibirCPU (pcp.c:515)
==12381==    by 0x4059D4B: start_thread (pthread_create.c:308)
==12381==    by 0x4162D3D: clone (clone.S:130)
==12381== 
==12381== Invalid read of size 1
==12381==    at 0x40B8E29: vfprintf (vfprintf.c:1630)
==12381==    by 0x40DE26A: vsnprintf (vsnprintf.c:120)
==12381==    by 0x4237457: ???
==12381==  Address 0x4237341 is 0 bytes after a block of size 1 alloc'd
==12381==    at 0x402CB7A: malloc (in /usr/lib/valgrind/vgpreload_memcheck-x86-linux.so)
==12381==    by 0x40467BA: deserializar_nombre_recurso (in /usr/lib/libRutinas.so)
==12381==    by 0x804B2B3: opTomarSemaforo (pcp.c:367)
==12381==    by 0x804BA50: recibirCPU (pcp.c:515)
==12381==    by 0x4059D4B: start_thread (pthread_create.c:308)
==12381==    by 0x4162D3D: clone (clone.S:130)
==12381== 
==12381== Invalid read of size 1
==12381==    at 0x402D293: strlen (in /usr/lib/valgrind/vgpreload_memcheck-x86-linux.so)
==12381==    by 0x80498D6: signal_semaforo (hilos.c:129)
==12381==    by 0x804B300: opLiberarSemaforo (pcp.c:375)
==12381==    by 0x804BA50: recibirCPU (pcp.c:515)
==12381==    by 0x4059D4B: start_thread (pthread_create.c:308)
==12381==    by 0x4162D3D: clone (clone.S:130)
==12381==  Address 0x4237d52 is 0 bytes after a block of size 2 alloc'd
==12381==    at 0x402CB7A: malloc (in /usr/lib/valgrind/vgpreload_memcheck-x86-linux.so)
==12381==    by 0x4046D0E: deserializar_body (in /usr/lib/libRutinas.so)
==12381==    by 0x4046EDB: recibir (in /usr/lib/libRutinas.so)
==12381==    by 0x4046DE5: recibir_paquete (in /usr/lib/libRutinas.so)
==12381==    by 0x804B82B: recibirCPU (pcp.c:490)
==12381==    by 0x4059D4B: start_thread (pthread_create.c:308)
==12381==    by 0x4162D3D: clone (clone.S:130)
==12381== 
==12381== Invalid read of size 1
==12381==    at 0x40B8E29: vfprintf (vfprintf.c:1630)
==12381==    by 0x40C0EFE: printf (printf.c:35)
==12381==    by 0x804B300: opLiberarSemaforo (pcp.c:375)
==12381==    by 0x804BA50: recibirCPU (pcp.c:515)
==12381==    by 0x4059D4B: start_thread (pthread_create.c:308)
==12381==    by 0x4162D3D: clone (clone.S:130)
==12381==  Address 0x4237d52 is 0 bytes after a block of size 2 alloc'd
==12381==    at 0x402CB7A: malloc (in /usr/lib/valgrind/vgpreload_memcheck-x86-linux.so)
==12381==    by 0x4046D0E: deserializar_body (in /usr/lib/libRutinas.so)
==12381==    by 0x4046EDB: recibir (in /usr/lib/libRutinas.so)
==12381==    by 0x4046DE5: recibir_paquete (in /usr/lib/libRutinas.so)
==12381==    by 0x804B82B: recibirCPU (pcp.c:490)
==12381==    by 0x4059D4B: start_thread (pthread_create.c:308)
==12381==    by 0x4162D3D: clone (clone.S:130)
==12381== 
==12381== Invalid read of size 1
==12381==    at 0x402D293: strlen (in /usr/lib/valgrind/vgpreload_memcheck-x86-linux.so)
==12381==    by 0x404C97A: dictionary_get_element (dictionary.c:287)
==12381==    by 0x404C6B6: dictionary_has_key (dictionary.c:170)
==12381==    by 0x8049904: signal_semaforo (hilos.c:130)
==12381==    by 0x804B300: opLiberarSemaforo (pcp.c:375)
==12381==    by 0x804BA50: recibirCPU (pcp.c:515)
==12381==    by 0x4059D4B: start_thread (pthread_create.c:308)
==12381==    by 0x4162D3D: clone (clone.S:130)
==12381==  Address 0x4237d52 is 0 bytes after a block of size 2 alloc'd
==12381==    at 0x402CB7A: malloc (in /usr/lib/valgrind/vgpreload_memcheck-x86-linux.so)
==12381==    by 0x4046D0E: deserializar_body (in /usr/lib/libRutinas.so)
==12381==    by 0x4046EDB: recibir (in /usr/lib/libRutinas.so)
==12381==    by 0x4046DE5: recibir_paquete (in /usr/lib/libRutinas.so)
==12381==    by 0x804B82B: recibirCPU (pcp.c:490)
==12381==    by 0x4059D4B: start_thread (pthread_create.c:308)
==12381==    by 0x4162D3D: clone (clone.S:130)
==12381== 
==12381== Invalid read of size 1
==12381==    at 0x40B8E29: vfprintf (vfprintf.c:1630)
==12381==    by 0x40DE26A: vsnprintf (vsnprintf.c:120)
==12381==    by 0x424016F: ???
==12381==  Address 0x4240059 is 0 bytes after a block of size 1 alloc'd
==12381==    at 0x402CB7A: malloc (in /usr/lib/valgrind/vgpreload_memcheck-x86-linux.so)
==12381==    by 0x40467BA: deserializar_nombre_recurso (in /usr/lib/libRutinas.so)
==12381==    by 0x804B2B3: opTomarSemaforo (pcp.c:367)
==12381==    by 0x804BA50: recibirCPU (pcp.c:515)
==12381==    by 0x4059D4B: start_thread (pthread_create.c:308)
==12381==    by 0x4162D3D: clone (clone.S:130)
==12381== 
==12381== 
==12381== HEAP SUMMARY:
==12381==     in use at exit: 12,178 bytes in 607 blocks
==12381==   total heap usage: 3,266 allocs, 2,659 frees, 68,489 bytes allocated
==12381== 
==12381== LEAK SUMMARY:
==12381==    definitely lost: 7,569 bytes in 424 blocks
==12381==    indirectly lost: 834 bytes in 48 blocks
==12381==      possibly lost: 1,224 bytes in 9 blocks
==12381==    still reachable: 2,551 bytes in 126 blocks
==12381==         suppressed: 0 bytes in 0 blocks
==12381== Rerun with --leak-check=full to see details of leaked memory
==12381== 
==12381== For counts of detected and suppressed errors, rerun with: -v
==12381== ERROR SUMMARY: 29 errors from 12 contexts (suppressed: 0 from 0)
