==2589== Memcheck, a memory error detector
==2589== Copyright (C) 2002-2011, and GNU GPL'd, by Julian Seward et al.
==2589== Using Valgrind-3.7.0 and LibVEX; rerun with -h for copyright info
==2589== Command: ./kernel ../archivo.conf
==2589== Parent PID: 1554
==2589== 
==2589== Use of uninitialised value of size 4
==2589==    at 0x40B64AB: _itoa_word (_itoa.c:195)
==2589==    by 0x40BA5EA: vfprintf (vfprintf.c:1629)
==2589==    by 0x40DE26A: vsnprintf (vsnprintf.c:120)
==2589==    by 0xBE859EDF: ???
==2589== 
==2589== Conditional jump or move depends on uninitialised value(s)
==2589==    at 0x40B64B3: _itoa_word (_itoa.c:195)
==2589==    by 0x40BA5EA: vfprintf (vfprintf.c:1629)
==2589==    by 0x40DE26A: vsnprintf (vsnprintf.c:120)
==2589==    by 0xBE859EDF: ???
==2589== 
==2589== Conditional jump or move depends on uninitialised value(s)
==2589==    at 0x40BB4BA: vfprintf (vfprintf.c:1629)
==2589==    by 0x40DE26A: vsnprintf (vsnprintf.c:120)
==2589==    by 0xBE859EDF: ???
==2589== 
==2589== Conditional jump or move depends on uninitialised value(s)
==2589==    at 0x40B9D30: vfprintf (vfprintf.c:1629)
==2589==    by 0x40DE26A: vsnprintf (vsnprintf.c:120)
==2589==    by 0xBE859EDF: ???
==2589== 
==2589== Use of uninitialised value of size 4
==2589==    at 0x40B64AB: _itoa_word (_itoa.c:195)
==2589==    by 0x40BA5EA: vfprintf (vfprintf.c:1629)
==2589==    by 0x40DE26A: vsnprintf (vsnprintf.c:120)
==2589==    by 0x4222C8F: ???
==2589== 
==2589== Conditional jump or move depends on uninitialised value(s)
==2589==    at 0x40B64B3: _itoa_word (_itoa.c:195)
==2589==    by 0x40BA5EA: vfprintf (vfprintf.c:1629)
==2589==    by 0x40DE26A: vsnprintf (vsnprintf.c:120)
==2589==    by 0x4222C8F: ???
==2589== 
==2589== Conditional jump or move depends on uninitialised value(s)
==2589==    at 0x40BB4BA: vfprintf (vfprintf.c:1629)
==2589==    by 0x40DE26A: vsnprintf (vsnprintf.c:120)
==2589==    by 0x4222C8F: ???
==2589== 
==2589== Conditional jump or move depends on uninitialised value(s)
==2589==    at 0x40B9D30: vfprintf (vfprintf.c:1629)
==2589==    by 0x40DE26A: vsnprintf (vsnprintf.c:120)
==2589==    by 0x4222C8F: ???
==2589== 
==2589== 
==2589== HEAP SUMMARY:
==2589==     in use at exit: 6,802 bytes in 293 blocks
==2589==   total heap usage: 1,271 allocs, 978 frees, 29,296 bytes allocated
==2589== 
==2589== LEAK SUMMARY:
==2589==    definitely lost: 3,096 bytes in 154 blocks
==2589==    indirectly lost: 650 bytes in 39 blocks
==2589==      possibly lost: 952 bytes in 7 blocks
==2589==    still reachable: 2,104 bytes in 93 blocks
==2589==         suppressed: 0 bytes in 0 blocks
==2589== Rerun with --leak-check=full to see details of leaked memory
==2589== 
==2589== For counts of detected and suppressed errors, rerun with: -v
==2589== Use --track-origins=yes to see where uninitialised values come from
==2589== ERROR SUMMARY: 8 errors from 8 contexts (suppressed: 0 from 0)
