
[DEBUG] 00:27:36:932 CPU_LOG/(5272:5272): CONECTADO AL KERNEL
[DEBUG] 00:27:36:932 CPU_LOG/(5272:5272): El Quantum es:3
[DEBUG] 00:27:48:67 CPU_LOG/(5272:5272): RECIBIDA UNA PCB. Su program id es: 1

[DEBUG] 00:27:49:68 CPU_LOG/(5272:5272): Segmentation Fault
[DEBUG] 00:30:37:749 CPU_LOG/(5360:5360): CONECTADO AL KERNEL
[DEBUG] 00:30:37:749 CPU_LOG/(5360:5360): El Quantum es:3
[DEBUG] 00:30:45:583 CPU_LOG/(5360:5360): RECIBIDA UNA PCB. Su program id es: 1

[DEBUG] 00:30:46:583 CPU_LOG/(5360:5360): Segmentation Fault
[DEBUG] 00:33:31:158 CPU_LOG/(5418:5418): CONECTADO AL KERNEL
[DEBUG] 00:33:31:158 CPU_LOG/(5418:5418): El Quantum es:3
[DEBUG] 00:33:38:853 CPU_LOG/(5418:5418): RECIBIDA UNA PCB. Su program id es: 1

[DEBUG] 00:33:39:853 CPU_LOG/(5418:5418): Segmentation Fault
[DEBUG] 00:36:07:498 CPU_LOG/(5479:5479): CONECTADO AL KERNEL
[DEBUG] 00:36:07:498 CPU_LOG/(5479:5479): El Quantum es:3
[DEBUG] 00:36:15:389 CPU_LOG/(5479:5479): RECIBIDA UNA PCB. Su program id es: 1

[DEBUG] 00:36:16:390 CPU_LOG/(5479:5479): Segmentation Fault
[DEBUG] 00:44:32:379 CPU_LOG/(5551:5551): CONECTADO AL KERNEL
[DEBUG] 00:44:32:379 CPU_LOG/(5551:5551): El Quantum es:3
[DEBUG] 00:44:41:882 CPU_LOG/(5551:5551): RECIBIDA UNA PCB. Su program id es: 1

[DEBUG] 00:44:42:882 CPU_LOG/(5551:5551): Segmentation Fault
[DEBUG] 01:04:13:874 CPU_LOG/(5779:5779): CONECTADO AL KERNEL
[DEBUG] 01:04:13:874 CPU_LOG/(5779:5779): El Quantum es:3
[DEBUG] 01:04:22:827 CPU_LOG/(5779:5779): RECIBIDA UNA PCB. Su program id es: 1

[DEBUG] 01:04:23:828 CPU_LOG/(5779:5779): Segmentation Fault
[DEBUG] 01:05:57:713 CPU_LOG/(5849:5849): CONECTADO AL KERNEL
[DEBUG] 01:05:57:713 CPU_LOG/(5849:5849): El Quantum es:3
[DEBUG] 01:06:05:402 CPU_LOG/(5849:5849): RECIBIDA UNA PCB. Su program id es: 1

[DEBUG] 01:06:08:403 CPU_LOG/(5849:5849): Ejecutando Primitiva GameOfThread_definirVariable
[DEBUG] 01:06:09:403 CPU_LOG/(5849:5849): Ejecutando Primitiva GameOfThread_definirVariable
[DEBUG] 01:06:11:405 CPU_LOG/(5849:5849): Ejecutando Primitiva GameOfThread_obtenerPosicionVariable
[DEBUG] 01:06:12:405 CPU_LOG/(5849:5849): Ejecutando Primitiva GameOfThread_asignar
[DEBUG] 01:06:14:407 CPU_LOG/(5849:5849): Ejecutando Primitiva GameOfThread_obtenerPosicionVariable
[DEBUG] 01:06:15:408 CPU_LOG/(5849:5849): Ejecutando Primitiva GameOfThread_dereferenciar
[DEBUG] 01:06:15:408 CPU_LOG/(5849:5849): Ejecutando Primitiva GameOfThread_imprimir
[DEBUG] 01:06:15:408 CPU_LOG/(5849:5849): FIN QUANTUM
[DEBUG] 01:06:15:408 CPU_LOG/(5849:5849): SE ENVIO EL PCB AL KERNEL
[DEBUG] 01:18:51:881 CPU_LOG/(6038:6038): CONECTADO AL KERNEL
[DEBUG] 01:18:51:882 CPU_LOG/(6038:6038): El Quantum es:3
[DEBUG] 01:19:02:397 CPU_LOG/(6038:6038): RECIBIDA UNA PCB. Su program id es: 1

[DEBUG] 01:19:05:399 CPU_LOG/(6038:6038): Ejecutando Primitiva GameOfThread_definirVariable
[DEBUG] 01:19:06:400 CPU_LOG/(6038:6038): Ejecutando Primitiva GameOfThread_definirVariable
[DEBUG] 01:19:08:401 CPU_LOG/(6038:6038): Ejecutando Primitiva GameOfThread_obtenerPosicionVariable
[DEBUG] 01:19:09:402 CPU_LOG/(6038:6038): Ejecutando Primitiva GameOfThread_asignar
[DEBUG] 01:19:11:403 CPU_LOG/(6038:6038): Ejecutando Primitiva GameOfThread_obtenerPosicionVariable
[DEBUG] 01:19:12:404 CPU_LOG/(6038:6038): Ejecutando Primitiva GameOfThread_dereferenciar
[DEBUG] 01:19:12:404 CPU_LOG/(6038:6038): Ejecutando Primitiva GameOfThread_imprimir
[DEBUG] 01:19:12:404 CPU_LOG/(6038:6038): FIN QUANTUM
[DEBUG] 01:19:12:404 CPU_LOG/(6038:6038): SE ENVIO EL PCB AL KERNEL
